<?xml version="1.0" encoding="UTF-8"?>
<!-- Generated by org.testng.reporters.JUnitXMLReporter -->
<testsuite ignored="0" hostname="DESKTOP-CD8JFBV" failures="4" tests="8" name="Test" time="99.487" errors="0" timestamp="2025-06-03T14:02:57 IST">
  <testcase classname="TestCase.FunctionalTesting" name="dws" time="0.017">
    <failure type="java.lang.AssertionError" message="null">
      <![CDATA[java.lang.AssertionError: null
at TestCase.FunctionalTesting.dws(FunctionalTesting.java:26)
at java.base/java.util.ArrayList.forEach(ArrayList.java:1597)
... Removed 27 stack frames]]>
    </failure>
  </testcase> <!-- dws -->
  <testcase classname="TestCase.FunctionalTesting" name="pk" time="0.002">
    <failure type="java.lang.AssertionError" message="null">
      <![CDATA[java.lang.AssertionError: null
at TestCase.FunctionalTesting.pk(FunctionalTesting.java:13)
at java.base/java.util.ArrayList.forEach(ArrayList.java:1597)
... Removed 27 stack frames]]>
    </failure>
  </testcase> <!-- pk -->
  <testcase classname="TestCase.FunctionalTesting" name="mi" time="0.0">
    <skipped/>
  </testcase> <!-- mi -->
  <testcase classname="TestCase.FunctionalTesting" name="rcb" time="0.0"/>
  <testcase classname="TestCase.AdminModule" name="admin" time="0.002"/>
  <testcase classname="TestCase.HomePageModule" name="profileCheck" time="15.036">
    <failure type="java.lang.AssertionError" message="null">
      <![CDATA[java.lang.AssertionError: null
at TestCase.HomePageModule.profileCheck(HomePageModule.java:25)
at java.base/java.util.ArrayList.forEach(ArrayList.java:1597)
... Removed 27 stack frames]]>
    </failure>
  </testcase> <!-- profileCheck -->
  <testcase classname="TestCase.HomePageModule" name="adminClick" time="0.715"/>
  <testcase classname="TestCase.HomePageModule" name="simple" time="0.706">
    <failure type="java.lang.AssertionError" message="expected [hava] but found [java]">
      <![CDATA[java.lang.AssertionError: expected [hava] but found [java]
at TestCase.HomePageModule.simple(HomePageModule.java:41)
at java.base/java.util.ArrayList.forEach(ArrayList.java:1597)
... Removed 31 stack frames]]>
    </failure>
  </testcase> <!-- simple -->
</testsuite> <!-- Test -->
